<?xml version="1.0" encoding="UTF-8"?>
<!-- Generated by org.testng.reporters.JUnitReportReporter -->
<testsuite hostname="LAPTOP-TVQDLTCE" name="com.javacodegeeks.testng.maven.TestNgMavenExample1" tests="5" failures="0" timestamp="20 Jul 2021 15:17:58 GMT" time="0.006" errors="0">
  <testcase name="met4" time="0.001" classname="com.javacodegeeks.testng.maven.TestNgMavenExample1"/>
  <testcase name="met14" time="0.001" classname="com.javacodegeeks.testng.maven.TestNgMavenExample1"/>
  <testcase name="met15" time="0.001" classname="com.javacodegeeks.testng.maven.TestNgMavenExample1"/>
  <testcase name="met1" time="0.001" classname="com.javacodegeeks.testng.maven.TestNgMavenExample1"/>
  <testcase name="met13" time="0.002" classname="com.javacodegeeks.testng.maven.TestNgMavenExample1"/>
</testsuite> <!-- com.javacodegeeks.testng.maven.TestNgMavenExample1 -->
