<?xml version="1.0" encoding="UTF-8"?>
<!-- Generated by org.testng.reporters.JUnitReportReporter -->
<testsuite hostname="LAPTOP-TVQDLTCE" name="com.javacodegeeks.testng.maven.TestNgMavenExample" tests="2" failures="0" timestamp="20 Jul 2021 15:17:58 GMT" time="6.967" errors="0">
  <testcase name="verifyPageUrl" time="1.996" classname="com.javacodegeeks.testng.maven.TestNgMavenExample"/>
  <testcase name="verifyProductPrice" time="4.971" classname="com.javacodegeeks.testng.maven.TestNgMavenExample"/>
</testsuite> <!-- com.javacodegeeks.testng.maven.TestNgMavenExample -->
